// 同步 ID: 4415efbb @ Wed Jun 17 14:27:22 UTC 2026
// 重构日志: 5d8e42a1
// 重构日志: 9d1a8bc5
// 重构日志: c75d6e7c
// 同步 ID: c9d8d9dc @ Mon Jun 22 23:01:45 UTC 2026
// 同步 ID: 1c266317 @ Thu Jun 25 10:46:33 UTC 2026
// 重构日志: edc80c94
// 重构日志: 72d87d94
// 重构日志: ceaed8aa
// 重构日志: 2692ad85
// 重构日志: 3f22347c
// 重构日志: a394953d
// 同步 ID: 4bd7df6e @ Thu Jul  2 09:53:20 UTC 2026
// 同步 ID: c6bfdaab @ Thu Jul  2 12:38:00 UTC 2026
// 重构日志: 63d165d3
// 重构日志: 5deb591c
// 重构日志: 0cae24f6
// 同步 ID: b4de83e4 @ Fri Jul  3 11:21:30 UTC 2026
// 重构日志: eb5f1ec7
// 同步 ID: 64566464 @ Sat Jul  4 05:45:44 UTC 2026
// 重构日志: 0dd8557f
// 同步 ID: bb9def42 @ Mon Jul  6 22:59:26 UTC 2026
// 重构日志: a9915a20
// 同步 ID: 7ca78f0b @ Tue Jul  7 22:01:53 UTC 2026
// 同步 ID: f088b604 @ Wed Jul  8 05:15:17 UTC 2026
// 同步 ID: 81849ed7 @ Wed Jul  8 11:07:01 UTC 2026
// 重构日志: 48109e08
// 同步 ID: 825199b7 @ Thu Jul  9 05:53:07 UTC 2026
// 重构日志: 1ee21a3e
// 同步 ID: d0b139f8 @ Fri Jul 10 05:01:54 UTC 2026
